<?xml version="1.0" encoding="UTF-8"?>
<testsuite xmlns:xsi="http://www.w3.org/2001/XMLSchema-instance" xsi:noNamespaceSchemaLocation="https://maven.apache.org/surefire/maven-surefire-plugin/xsd/surefire-test-report-3.0.xsd" version="3.0" name="demoqa.web.test.forms.PracticeFormPageTests" time="6.651" tests="1" errors="0" skipped="0" failures="0">
  <properties>
    <property name="java.specification.version" value="23"/>
    <property name="sun.jnu.encoding" value="UTF-8"/>
    <property name="java.class.path" value="/home/fbi/Documents/DEMOQA/target/test-classes:/home/fbi/Documents/DEMOQA/target/classes:/home/fbi/.m2/repository/org/seleniumhq/selenium/selenium-java/4.17.0/selenium-java-4.17.0.jar:/home/fbi/.m2/repository/org/seleniumhq/selenium/selenium-api/4.17.0/selenium-api-4.17.0.jar:/home/fbi/.m2/repository/org/seleniumhq/selenium/selenium-chrome-driver/4.17.0/selenium-chrome-driver-4.17.0.jar:/home/fbi/.m2/repository/com/google/auto/service/auto-service-annotations/1.1.1/auto-service-annotations-1.1.1.jar:/home/fbi/.m2/repository/org/seleniumhq/selenium/selenium-chromium-driver/4.17.0/selenium-chromium-driver-4.17.0.jar:/home/fbi/.m2/repository/org/seleniumhq/selenium/selenium-json/4.17.0/selenium-json-4.17.0.jar:/home/fbi/.m2/repository/org/seleniumhq/selenium/selenium-manager/4.17.0/selenium-manager-4.17.0.jar:/home/fbi/.m2/repository/org/seleniumhq/selenium/selenium-devtools-v119/4.17.0/selenium-devtools-v119-4.17.0.jar:/home/fbi/.m2/repository/org/seleniumhq/selenium/selenium-devtools-v120/4.17.0/selenium-devtools-v120-4.17.0.jar:/home/fbi/.m2/repository/org/seleniumhq/selenium/selenium-devtools-v121/4.17.0/selenium-devtools-v121-4.17.0.jar:/home/fbi/.m2/repository/org/seleniumhq/selenium/selenium-devtools-v85/4.17.0/selenium-devtools-v85-4.17.0.jar:/home/fbi/.m2/repository/org/seleniumhq/selenium/selenium-edge-driver/4.17.0/selenium-edge-driver-4.17.0.jar:/home/fbi/.m2/repository/org/seleniumhq/selenium/selenium-firefox-driver/4.17.0/selenium-firefox-driver-4.17.0.jar:/home/fbi/.m2/repository/org/seleniumhq/selenium/selenium-http/4.17.0/selenium-http-4.17.0.jar:/home/fbi/.m2/repository/dev/failsafe/failsafe/3.3.2/failsafe-3.3.2.jar:/home/fbi/.m2/repository/org/seleniumhq/selenium/selenium-ie-driver/4.17.0/selenium-ie-driver-4.17.0.jar:/home/fbi/.m2/repository/org/seleniumhq/selenium/selenium-remote-driver/4.17.0/selenium-remote-driver-4.17.0.jar:/home/fbi/.m2/repository/com/google/guava/guava/33.0.0-jre/guava-33.0.0-jre.jar:/home/fbi/.m2/repository/com/google/guava/failureaccess/1.0.2/failureaccess-1.0.2.jar:/home/fbi/.m2/repository/com/google/guava/listenablefuture/9999.0-empty-to-avoid-conflict-with-guava/listenablefuture-9999.0-empty-to-avoid-conflict-with-guava.jar:/home/fbi/.m2/repository/com/google/code/findbugs/jsr305/3.0.2/jsr305-3.0.2.jar:/home/fbi/.m2/repository/org/checkerframework/checker-qual/3.41.0/checker-qual-3.41.0.jar:/home/fbi/.m2/repository/com/google/errorprone/error_prone_annotations/2.23.0/error_prone_annotations-2.23.0.jar:/home/fbi/.m2/repository/com/google/j2objc/j2objc-annotations/2.8/j2objc-annotations-2.8.jar:/home/fbi/.m2/repository/io/opentelemetry/semconv/opentelemetry-semconv/1.23.1-alpha/opentelemetry-semconv-1.23.1-alpha.jar:/home/fbi/.m2/repository/io/opentelemetry/opentelemetry-api/1.34.1/opentelemetry-api-1.34.1.jar:/home/fbi/.m2/repository/io/opentelemetry/opentelemetry-context/1.34.1/opentelemetry-context-1.34.1.jar:/home/fbi/.m2/repository/io/opentelemetry/opentelemetry-exporter-logging/1.34.1/opentelemetry-exporter-logging-1.34.1.jar:/home/fbi/.m2/repository/io/opentelemetry/opentelemetry-sdk-common/1.34.1/opentelemetry-sdk-common-1.34.1.jar:/home/fbi/.m2/repository/io/opentelemetry/opentelemetry-sdk-extension-autoconfigure-spi/1.34.1/opentelemetry-sdk-extension-autoconfigure-spi-1.34.1.jar:/home/fbi/.m2/repository/io/opentelemetry/opentelemetry-sdk-extension-autoconfigure/1.34.1/opentelemetry-sdk-extension-autoconfigure-1.34.1.jar:/home/fbi/.m2/repository/io/opentelemetry/opentelemetry-api-events/1.34.1-alpha/opentelemetry-api-events-1.34.1-alpha.jar:/home/fbi/.m2/repository/io/opentelemetry/opentelemetry-sdk-trace/1.34.1/opentelemetry-sdk-trace-1.34.1.jar:/home/fbi/.m2/repository/io/opentelemetry/opentelemetry-sdk/1.34.1/opentelemetry-sdk-1.34.1.jar:/home/fbi/.m2/repository/io/opentelemetry/opentelemetry-sdk-metrics/1.34.1/opentelemetry-sdk-metrics-1.34.1.jar:/home/fbi/.m2/repository/io/opentelemetry/opentelemetry-extension-incubator/1.34.1-alpha/opentelemetry-extension-incubator-1.34.1-alpha.jar:/home/fbi/.m2/repository/io/opentelemetry/opentelemetry-sdk-logs/1.34.1/opentelemetry-sdk-logs-1.34.1.jar:/home/fbi/.m2/repository/net/bytebuddy/byte-buddy/1.14.11/byte-buddy-1.14.11.jar:/home/fbi/.m2/repository/org/seleniumhq/selenium/selenium-os/4.17.0/selenium-os-4.17.0.jar:/home/fbi/.m2/repository/org/apache/commons/commons-exec/1.3/commons-exec-1.3.jar:/home/fbi/.m2/repository/org/seleniumhq/selenium/selenium-safari-driver/4.17.0/selenium-safari-driver-4.17.0.jar:/home/fbi/.m2/repository/org/seleniumhq/selenium/selenium-support/4.17.0/selenium-support-4.17.0.jar:/home/fbi/.m2/repository/org/testng/testng/7.7.1/testng-7.7.1.jar:/home/fbi/.m2/repository/org/slf4j/slf4j-api/1.7.36/slf4j-api-1.7.36.jar:/home/fbi/.m2/repository/com/beust/jcommander/1.82/jcommander-1.82.jar:/home/fbi/.m2/repository/org/webjars/jquery/3.6.1/jquery-3.6.1.jar:/home/fbi/.m2/repository/io/rest-assured/rest-assured/5.5.0/rest-assured-5.5.0.jar:/home/fbi/.m2/repository/org/apache/groovy/groovy/4.0.22/groovy-4.0.22.jar:/home/fbi/.m2/repository/org/apache/groovy/groovy-xml/4.0.22/groovy-xml-4.0.22.jar:/home/fbi/.m2/repository/org/apache/httpcomponents/httpclient/4.5.13/httpclient-4.5.13.jar:/home/fbi/.m2/repository/org/apache/httpcomponents/httpcore/4.4.13/httpcore-4.4.13.jar:/home/fbi/.m2/repository/commons-logging/commons-logging/1.2/commons-logging-1.2.jar:/home/fbi/.m2/repository/commons-codec/commons-codec/1.11/commons-codec-1.11.jar:/home/fbi/.m2/repository/org/apache/httpcomponents/httpmime/4.5.13/httpmime-4.5.13.jar:/home/fbi/.m2/repository/org/hamcrest/hamcrest/2.2/hamcrest-2.2.jar:/home/fbi/.m2/repository/org/ccil/cowan/tagsoup/tagsoup/1.2.1/tagsoup-1.2.1.jar:/home/fbi/.m2/repository/io/rest-assured/json-path/5.5.0/json-path-5.5.0.jar:/home/fbi/.m2/repository/org/apache/groovy/groovy-json/4.0.22/groovy-json-4.0.22.jar:/home/fbi/.m2/repository/io/rest-assured/rest-assured-common/5.5.0/rest-assured-common-5.5.0.jar:/home/fbi/.m2/repository/io/rest-assured/xml-path/5.5.0/xml-path-5.5.0.jar:/home/fbi/.m2/repository/org/apache/commons/commons-lang3/3.11/commons-lang3-3.11.jar:/home/fbi/.m2/repository/io/qameta/allure/allure-junit4/2.29.1/allure-junit4-2.29.1.jar:/home/fbi/.m2/repository/io/qameta/allure/allure-java-commons/2.29.1/allure-java-commons-2.29.1.jar:/home/fbi/.m2/repository/io/qameta/allure/allure-model/2.29.1/allure-model-2.29.1.jar:/home/fbi/.m2/repository/io/qameta/allure/allure-test-filter/2.29.1/allure-test-filter-2.29.1.jar:"/>
    <property name="java.vm.vendor" value="Oracle Corporation"/>
    <property name="sun.arch.data.model" value="64"/>
    <property name="java.vendor.url" value="https://java.oracle.com/"/>
    <property name="user.timezone" value="Europe/Sofia"/>
    <property name="os.name" value="Linux"/>
    <property name="java.vm.specification.version" value="23"/>
    <property name="sun.java.launcher" value="SUN_STANDARD"/>
    <property name="user.country" value="US"/>
    <property name="sun.boot.library.path" value="/usr/lib/jvm/jdk-23.0.2-oracle-x64/lib"/>
    <property name="sun.java.command" value="/home/fbi/Documents/DEMOQA/target/surefire/surefirebooter-20250212160433367_3.jar /home/fbi/Documents/DEMOQA/target/surefire 2025-02-12T16-04-33_207-jvmRun1 surefire-20250212160433367_1tmp surefire_0-20250212160433367_2tmp"/>
    <property name="jdk.debug" value="release"/>
    <property name="test" value="PracticeFormPageTests#VerifyAllTextAndPlaceHolders"/>
    <property name="surefire.test.class.path" value="/home/fbi/Documents/DEMOQA/target/test-classes:/home/fbi/Documents/DEMOQA/target/classes:/home/fbi/.m2/repository/org/seleniumhq/selenium/selenium-java/4.17.0/selenium-java-4.17.0.jar:/home/fbi/.m2/repository/org/seleniumhq/selenium/selenium-api/4.17.0/selenium-api-4.17.0.jar:/home/fbi/.m2/repository/org/seleniumhq/selenium/selenium-chrome-driver/4.17.0/selenium-chrome-driver-4.17.0.jar:/home/fbi/.m2/repository/com/google/auto/service/auto-service-annotations/1.1.1/auto-service-annotations-1.1.1.jar:/home/fbi/.m2/repository/org/seleniumhq/selenium/selenium-chromium-driver/4.17.0/selenium-chromium-driver-4.17.0.jar:/home/fbi/.m2/repository/org/seleniumhq/selenium/selenium-json/4.17.0/selenium-json-4.17.0.jar:/home/fbi/.m2/repository/org/seleniumhq/selenium/selenium-manager/4.17.0/selenium-manager-4.17.0.jar:/home/fbi/.m2/repository/org/seleniumhq/selenium/selenium-devtools-v119/4.17.0/selenium-devtools-v119-4.17.0.jar:/home/fbi/.m2/repository/org/seleniumhq/selenium/selenium-devtools-v120/4.17.0/selenium-devtools-v120-4.17.0.jar:/home/fbi/.m2/repository/org/seleniumhq/selenium/selenium-devtools-v121/4.17.0/selenium-devtools-v121-4.17.0.jar:/home/fbi/.m2/repository/org/seleniumhq/selenium/selenium-devtools-v85/4.17.0/selenium-devtools-v85-4.17.0.jar:/home/fbi/.m2/repository/org/seleniumhq/selenium/selenium-edge-driver/4.17.0/selenium-edge-driver-4.17.0.jar:/home/fbi/.m2/repository/org/seleniumhq/selenium/selenium-firefox-driver/4.17.0/selenium-firefox-driver-4.17.0.jar:/home/fbi/.m2/repository/org/seleniumhq/selenium/selenium-http/4.17.0/selenium-http-4.17.0.jar:/home/fbi/.m2/repository/dev/failsafe/failsafe/3.3.2/failsafe-3.3.2.jar:/home/fbi/.m2/repository/org/seleniumhq/selenium/selenium-ie-driver/4.17.0/selenium-ie-driver-4.17.0.jar:/home/fbi/.m2/repository/org/seleniumhq/selenium/selenium-remote-driver/4.17.0/selenium-remote-driver-4.17.0.jar:/home/fbi/.m2/repository/com/google/guava/guava/33.0.0-jre/guava-33.0.0-jre.jar:/home/fbi/.m2/repository/com/google/guava/failureaccess/1.0.2/failureaccess-1.0.2.jar:/home/fbi/.m2/repository/com/google/guava/listenablefuture/9999.0-empty-to-avoid-conflict-with-guava/listenablefuture-9999.0-empty-to-avoid-conflict-with-guava.jar:/home/fbi/.m2/repository/com/google/code/findbugs/jsr305/3.0.2/jsr305-3.0.2.jar:/home/fbi/.m2/repository/org/checkerframework/checker-qual/3.41.0/checker-qual-3.41.0.jar:/home/fbi/.m2/repository/com/google/errorprone/error_prone_annotations/2.23.0/error_prone_annotations-2.23.0.jar:/home/fbi/.m2/repository/com/google/j2objc/j2objc-annotations/2.8/j2objc-annotations-2.8.jar:/home/fbi/.m2/repository/io/opentelemetry/semconv/opentelemetry-semconv/1.23.1-alpha/opentelemetry-semconv-1.23.1-alpha.jar:/home/fbi/.m2/repository/io/opentelemetry/opentelemetry-api/1.34.1/opentelemetry-api-1.34.1.jar:/home/fbi/.m2/repository/io/opentelemetry/opentelemetry-context/1.34.1/opentelemetry-context-1.34.1.jar:/home/fbi/.m2/repository/io/opentelemetry/opentelemetry-exporter-logging/1.34.1/opentelemetry-exporter-logging-1.34.1.jar:/home/fbi/.m2/repository/io/opentelemetry/opentelemetry-sdk-common/1.34.1/opentelemetry-sdk-common-1.34.1.jar:/home/fbi/.m2/repository/io/opentelemetry/opentelemetry-sdk-extension-autoconfigure-spi/1.34.1/opentelemetry-sdk-extension-autoconfigure-spi-1.34.1.jar:/home/fbi/.m2/repository/io/opentelemetry/opentelemetry-sdk-extension-autoconfigure/1.34.1/opentelemetry-sdk-extension-autoconfigure-1.34.1.jar:/home/fbi/.m2/repository/io/opentelemetry/opentelemetry-api-events/1.34.1-alpha/opentelemetry-api-events-1.34.1-alpha.jar:/home/fbi/.m2/repository/io/opentelemetry/opentelemetry-sdk-trace/1.34.1/opentelemetry-sdk-trace-1.34.1.jar:/home/fbi/.m2/repository/io/opentelemetry/opentelemetry-sdk/1.34.1/opentelemetry-sdk-1.34.1.jar:/home/fbi/.m2/repository/io/opentelemetry/opentelemetry-sdk-metrics/1.34.1/opentelemetry-sdk-metrics-1.34.1.jar:/home/fbi/.m2/repository/io/opentelemetry/opentelemetry-extension-incubator/1.34.1-alpha/opentelemetry-extension-incubator-1.34.1-alpha.jar:/home/fbi/.m2/repository/io/opentelemetry/opentelemetry-sdk-logs/1.34.1/opentelemetry-sdk-logs-1.34.1.jar:/home/fbi/.m2/repository/net/bytebuddy/byte-buddy/1.14.11/byte-buddy-1.14.11.jar:/home/fbi/.m2/repository/org/seleniumhq/selenium/selenium-os/4.17.0/selenium-os-4.17.0.jar:/home/fbi/.m2/repository/org/apache/commons/commons-exec/1.3/commons-exec-1.3.jar:/home/fbi/.m2/repository/org/seleniumhq/selenium/selenium-safari-driver/4.17.0/selenium-safari-driver-4.17.0.jar:/home/fbi/.m2/repository/org/seleniumhq/selenium/selenium-support/4.17.0/selenium-support-4.17.0.jar:/home/fbi/.m2/repository/org/testng/testng/7.7.1/testng-7.7.1.jar:/home/fbi/.m2/repository/org/slf4j/slf4j-api/1.7.36/slf4j-api-1.7.36.jar:/home/fbi/.m2/repository/com/beust/jcommander/1.82/jcommander-1.82.jar:/home/fbi/.m2/repository/org/webjars/jquery/3.6.1/jquery-3.6.1.jar:/home/fbi/.m2/repository/io/rest-assured/rest-assured/5.5.0/rest-assured-5.5.0.jar:/home/fbi/.m2/repository/org/apache/groovy/groovy/4.0.22/groovy-4.0.22.jar:/home/fbi/.m2/repository/org/apache/groovy/groovy-xml/4.0.22/groovy-xml-4.0.22.jar:/home/fbi/.m2/repository/org/apache/httpcomponents/httpclient/4.5.13/httpclient-4.5.13.jar:/home/fbi/.m2/repository/org/apache/httpcomponents/httpcore/4.4.13/httpcore-4.4.13.jar:/home/fbi/.m2/repository/commons-logging/commons-logging/1.2/commons-logging-1.2.jar:/home/fbi/.m2/repository/commons-codec/commons-codec/1.11/commons-codec-1.11.jar:/home/fbi/.m2/repository/org/apache/httpcomponents/httpmime/4.5.13/httpmime-4.5.13.jar:/home/fbi/.m2/repository/org/hamcrest/hamcrest/2.2/hamcrest-2.2.jar:/home/fbi/.m2/repository/org/ccil/cowan/tagsoup/tagsoup/1.2.1/tagsoup-1.2.1.jar:/home/fbi/.m2/repository/io/rest-assured/json-path/5.5.0/json-path-5.5.0.jar:/home/fbi/.m2/repository/org/apache/groovy/groovy-json/4.0.22/groovy-json-4.0.22.jar:/home/fbi/.m2/repository/io/rest-assured/rest-assured-common/5.5.0/rest-assured-common-5.5.0.jar:/home/fbi/.m2/repository/io/rest-assured/xml-path/5.5.0/xml-path-5.5.0.jar:/home/fbi/.m2/repository/org/apache/commons/commons-lang3/3.11/commons-lang3-3.11.jar:/home/fbi/.m2/repository/io/qameta/allure/allure-junit4/2.29.1/allure-junit4-2.29.1.jar:/home/fbi/.m2/repository/io/qameta/allure/allure-java-commons/2.29.1/allure-java-commons-2.29.1.jar:/home/fbi/.m2/repository/io/qameta/allure/allure-model/2.29.1/allure-model-2.29.1.jar:/home/fbi/.m2/repository/io/qameta/allure/allure-test-filter/2.29.1/allure-test-filter-2.29.1.jar:"/>
    <property name="sun.cpu.endian" value="little"/>
    <property name="user.home" value="/home/fbi"/>
    <property name="user.language" value="en"/>
    <property name="java.specification.vendor" value="Oracle Corporation"/>
    <property name="java.version.date" value="2025-01-21"/>
    <property name="java.home" value="/usr/lib/jvm/jdk-23.0.2-oracle-x64"/>
    <property name="file.separator" value="/"/>
    <property name="basedir" value="/home/fbi/Documents/DEMOQA"/>
    <property name="java.vm.compressedOopsMode" value="Zero based"/>
    <property name="line.separator" value="&#10;"/>
    <property name="java.specification.name" value="Java Platform API Specification"/>
    <property name="java.vm.specification.vendor" value="Oracle Corporation"/>
    <property name="surefire.real.class.path" value="/home/fbi/Documents/DEMOQA/target/surefire/surefirebooter-20250212160433367_3.jar"/>
    <property name="sun.management.compiler" value="HotSpot 64-Bit Tiered Compilers"/>
    <property name="java.runtime.version" value="23.0.2+7-58"/>
    <property name="user.name" value="fbi"/>
    <property name="stdout.encoding" value="UTF-8"/>
    <property name="path.separator" value=":"/>
    <property name="os.version" value="6.1.0-30-amd64"/>
    <property name="java.runtime.name" value="Java(TM) SE Runtime Environment"/>
    <property name="file.encoding" value="UTF-8"/>
    <property name="java.vm.name" value="Java HotSpot(TM) 64-Bit Server VM"/>
    <property name="localRepository" value="/home/fbi/.m2/repository"/>
    <property name="java.vendor.url.bug" value="https://bugreport.java.com/bugreport/"/>
    <property name="java.io.tmpdir" value="/tmp"/>
    <property name="java.version" value="23.0.2"/>
    <property name="user.dir" value="/home/fbi/Documents/DEMOQA"/>
    <property name="os.arch" value="amd64"/>
    <property name="java.vm.specification.name" value="Java Virtual Machine Specification"/>
    <property name="native.encoding" value="UTF-8"/>
    <property name="java.library.path" value="/usr/java/packages/lib:/usr/lib64:/lib64:/lib:/usr/lib"/>
    <property name="java.vm.info" value="mixed mode, sharing"/>
    <property name="stderr.encoding" value="UTF-8"/>
    <property name="java.vendor" value="Oracle Corporation"/>
    <property name="java.vm.version" value="23.0.2+7-58"/>
    <property name="sun.io.unicode.encoding" value="UnicodeLittle"/>
    <property name="java.class.version" value="67.0"/>
  </properties>
  <testcase name="VerifyAllTextAndPlaceHolders" classname="demoqa.web.test.forms.PracticeFormPageTests" time="1.087">
    <system-err><![CDATA[SLF4J: Failed to load class "org.slf4j.impl.StaticLoggerBinder".
SLF4J: Defaulting to no-operation (NOP) logger implementation
SLF4J: See http://www.slf4j.org/codes.html#StaticLoggerBinder for further details.
Feb 12, 2025 4:04:34 PM org.openqa.selenium.devtools.CdpVersionFinder findNearestMatch
WARNING: Unable to find CDP implementation matching 133
Feb 12, 2025 4:04:34 PM org.openqa.selenium.chromium.ChromiumDriver lambda$new$5
WARNING: Unable to find version of CDP to use for 133.0.6943.53. You may need to include a dependency on a specific version of the CDP using something similar to `org.seleniumhq.selenium:selenium-devtools-v86:4.17.0` where the version ("v86") matches the version of the chromium-based browser you're using and the version number of the artifact is the same as Selenium's.
]]></system-err>
  </testcase>
</testsuite>