<?xml version="1.0" encoding="UTF-8"?>
<!-- Generated by org.testng.reporters.JUnitReportReporter -->
<testsuite hostname="analna" failures="0" tests="10" name="demoqa.web.test.elements.LinksPageTests" time="38.756" errors="0" timestamp="2025-01-17T12:00:57 EET" skipped="0">
  <testcase classname="demoqa.web.test.elements.LinksPageTests" name="ClickOnNoContentLink" time="3.795"/>
  <system-out/>
  <testcase classname="demoqa.web.test.elements.LinksPageTests" name="ClickOnBadRequestLink" time="4.283"/>
  <system-out/>
  <testcase classname="demoqa.web.test.elements.LinksPageTests" name="ClickOnkCreatedLink" time="3.829"/>
  <system-out/>
  <testcase classname="demoqa.web.test.elements.LinksPageTests" name="ClickOnMovedLink" time="3.800"/>
  <system-out/>
  <testcase classname="demoqa.web.test.elements.LinksPageTests" name="OpenNewTabFromDynamicLink" time="3.440"/>
  <system-out/>
  <testcase classname="demoqa.web.test.elements.LinksPageTests" name="OpenNewTabFromSimpleLink" time="4.198"/>
  <system-out/>
  <testcase classname="demoqa.web.test.elements.LinksPageTests" name="VerifyAllTextOnPage" time="4.012"/>
  <system-out/>
  <testcase classname="demoqa.web.test.elements.LinksPageTests" name="ClickOnForbiddenLink" time="3.732"/>
  <system-out/>
  <testcase classname="demoqa.web.test.elements.LinksPageTests" name="ClickOnUnAuthorizedLink" time="3.826"/>
  <system-out/>
  <testcase classname="demoqa.web.test.elements.LinksPageTests" name="ClickOnNotFoundLink" time="3.841"/>
  <system-out/>
</testsuite> <!-- demoqa.web.test.elements.LinksPageTests -->
