<?xml version="1.0" encoding="UTF-8"?>
<!-- Generated by org.testng.reporters.JUnitReportReporter -->
<testsuite hostname="debian" failures="0" tests="2" name="demoqa.api.tests.AccountTests" time="1.469" errors="0" timestamp="2025-02-12T17:46:19 EET" skipped="1">
  <testcase classname="demoqa.api.tests.AccountTests" name="tryToAuthorizeUser" time="1.469"/>
  <testcase classname="demoqa.api.tests.AccountTests" name="GetInformation2">
    <skipped/>
  </testcase> <!-- GetInformation2 -->
</testsuite> <!-- demoqa.api.tests.AccountTests -->
