<?xml version="1.0" encoding="UTF-8"?>
<!-- Generated by org.testng.reporters.JUnitReportReporter -->
<testsuite hostname="debian" failures="0" tests="1" name="demoqa.web.test.interactions.DroppablePageTests" time="4.395" errors="0" timestamp="2025-02-12T23:05:02 EET" skipped="0">
  <testcase classname="demoqa.web.test.interactions.DroppablePageTests" name="VerifyAllTextOnPage" time="4.395"/>
</testsuite> <!-- demoqa.web.test.interactions.DroppablePageTests -->
