<?xml version="1.0" encoding="UTF-8"?>
<!-- Generated by org.testng.reporters.JUnitReportReporter -->
<testsuite hostname="debian" failures="0" tests="4" name="demoqa.web.test.interactions.ResizablePageTests" time="16.183" errors="0" timestamp="2025-02-12T23:33:29 EET" skipped="0">
  <testcase classname="demoqa.web.test.interactions.ResizablePageTests" name="testResizeHandleVisibility" time="3.389"/>
  <testcase classname="demoqa.web.test.interactions.ResizablePageTests" name="testDiagonalResizing" time="4.980"/>
  <testcase classname="demoqa.web.test.interactions.ResizablePageTests" name="testDiagonalResizing" time="3.748"/>
  <testcase classname="demoqa.web.test.interactions.ResizablePageTests" name="testDiagonalResizing" time="4.066"/>
</testsuite> <!-- demoqa.web.test.interactions.ResizablePageTests -->
