<?xml version="1.0" encoding="UTF-8"?>
<!-- Generated by org.testng.reporters.JUnitReportReporter -->
<testsuite hostname="debian" failures="0" tests="1" name="demoqa.web.tests.interactions.ResizablePageTests" time="4.236" errors="0" timestamp="2025-02-13T22:43:32 EET" skipped="0">
  <testcase classname="demoqa.web.tests.interactions.ResizablePageTests" name="Ð¢estResizedBoxWithLimitation" time="4.236"/>
</testsuite> <!-- demoqa.web.tests.interactions.ResizablePageTests -->
