<?xml version="1.0" encoding="UTF-8"?>
<!-- Generated by org.testng.reporters.JUnitReportReporter -->
<testsuite hostname="analna" failures="0" tests="3" name="demoqa.api.tests.BooksTests" time="1.085" errors="0" timestamp="2025-01-17T12:14:59 EET" skipped="0">
  <testcase classname="demoqa.api.tests.BooksTests" name="GetBookByISBN" time="0.131"/>
  <system-out/>
  <testcase classname="demoqa.api.tests.BooksTests" name="VerifyFirstBookFromBooks" time="0.139"/>
  <system-out/>
  <testcase classname="demoqa.api.tests.BooksTests" name="GetAllBooks" time="0.815"/>
  <system-out/>
</testsuite> <!-- demoqa.api.tests.BooksTests -->
