<?xml version="1.0" encoding="UTF-8"?>
<!-- Generated by org.testng.reporters.JUnitReportReporter -->
<testsuite hostname="debian" failures="0" tests="1" name="demoqa.web.test.interactions.DraggablePageTests" time="11.968" errors="0" timestamp="2025-02-12T23:01:17 EET" skipped="0">
  <testcase classname="demoqa.web.test.interactions.DraggablePageTests" name="MoveSecondTextCursorStyle" time="11.968"/>
</testsuite> <!-- demoqa.web.test.interactions.DraggablePageTests -->
