<?xml version="1.0" encoding="UTF-8"?>
<!-- Generated by org.testng.reporters.JUnitReportReporter -->
<testsuite hostname="debian" failures="0" tests="1" name="demoqa.web.test.forms.PracticeFormPageTests" time="6.278" errors="0" timestamp="2025-02-12T16:04:40 EET" skipped="0">
  <testcase classname="demoqa.web.test.forms.PracticeFormPageTests" name="VerifyAllTextAndPlaceHolders" time="6.278"/>
  <system-out/>
</testsuite> <!-- demoqa.web.test.forms.PracticeFormPageTests -->
