<?xml version="1.0" encoding="UTF-8"?>
<!-- Generated by org.testng.reporters.JUnitReportReporter -->
<testsuite hostname="Qualitys-MacBook-Pro.local" failures="0" tests="1" name="demoqa.web.test.widgets.DatePickerPageTests" time="10.488" errors="0" timestamp="2025-02-13T10:12:24 EET" skipped="0">
  <testcase classname="demoqa.web.test.widgets.DatePickerPageTests" name="SelectValidNewDateAndTime" time="10.488"/>
</testsuite> <!-- demoqa.web.test.widgets.DatePickerPageTests -->
